<?xml version="1.0" encoding="UTF-8"?>
<testsuite xmlns:xsi="http://www.w3.org/2001/XMLSchema-instance" xsi:noNamespaceSchemaLocation="https://maven.apache.org/surefire/maven-surefire-plugin/xsd/surefire-test-report.xsd" name="com.cerner.careaware.cfc.core_financial_clearance_solution.AppTest" time="0.046" tests="1" errors="0" skipped="0" failures="0">
  <properties>
    <property name="gopherProxySet" value="false"/>
    <property name="awt.toolkit" value="sun.lwawt.macosx.LWCToolkit"/>
    <property name="git.tags" value=""/>
    <property name="java.specification.version" value="1.8"/>
    <property name="file.encoding.pkg" value="sun.io"/>
    <property name="sun.cpu.isalist" value=""/>
    <property name="git.build.version" value="1.2.0-SNAPSHOT"/>
    <property name="sun.jnu.encoding" value="UTF-8"/>
    <property name="java.class.path" value="/Users/mn036956/.m2/repository/org/apache/maven/surefire/surefire-booter/2.22.1/surefire-booter-2.22.1.jar:/Users/mn036956/.m2/repository/org/apache/maven/surefire/surefire-api/2.22.1/surefire-api-2.22.1.jar:/Users/mn036956/.m2/repository/org/apache/maven/surefire/surefire-logger-api/2.22.1/surefire-logger-api-2.22.1.jar:/Users/mn036956/Documents/GitHub/core-financial-clearance-solution/target/test-classes:/Users/mn036956/Documents/GitHub/core-financial-clearance-solution/target/classes:/Users/mn036956/.m2/repository/com/cerner/careaware/build/careaware-build-core/2.22.1/careaware-build-core-2.22.1.jar:/Users/mn036956/.m2/repository/com/cerner/careaware/ibus/ibus-core/2.10.0/ibus-core-2.10.0.jar:/Users/mn036956/.m2/repository/com/cerner/management/measurement/management-measurement/4.3.4/management-measurement-4.3.4.jar:/Users/mn036956/.m2/repository/com/cerner/management/management-core-util/4.3.4/management-core-util-4.3.4.jar:/Users/mn036956/.m2/repository/com/cerner/services/security/authorization/security-authorization/1.0.1/security-authorization-1.0.1.jar:/Users/mn036956/.m2/repository/com/cerner/services/security/authorization/security-authorization-guardian/1.1.1/security-authorization-guardian-1.1.1.jar:/Users/mn036956/.m2/repository/com/cerner/careaware/build/careaware-build-factory/2.22.1/careaware-build-factory-2.22.1.jar:/Users/mn036956/.m2/repository/com/cerner/careaware/edc/edc-core/1.9.0/edc-core-1.9.0.jar:/Users/mn036956/.m2/repository/com/cerner/careaware/edc/edc-core-client/4.3.0/edc-core-client-4.3.0.jar:/Users/mn036956/.m2/repository/com/cerner/careaware/edc/xstream-plugin/1.4.11.1/xstream-plugin-1.4.11.1.jar:/Users/mn036956/.m2/repository/com/thoughtworks/xstream/xstream/1.4.11.1/xstream-1.4.11.1.jar:/Users/mn036956/.m2/repository/xpp3/xpp3_min/1.1.4c/xpp3_min-1.1.4c.jar:/Users/mn036956/.m2/repository/xmlpull/xmlpull/1.1.3.1/xmlpull-1.1.3.1.jar:/Users/mn036956/.m2/repository/com/cerner/system/enterprise/system-enterprise-csa/1.3.2/system-enterprise-csa-1.3.2.jar:/Users/mn036956/.m2/repository/com/cerner/system/enterprise/system-enterprise-data/2.4/system-enterprise-data-2.4.jar:/Users/mn036956/.m2/repository/com/cerner/system/registry/system-registry/2.1/system-registry-2.1.jar:/Users/mn036956/.m2/repository/javax/jms/jms/1.1/jms-1.1.jar:/Users/mn036956/.m2/repository/org/xbill/dns/org.xbill.dns/2.1.3/org.xbill.dns-2.1.3.jar:/Users/mn036956/.m2/repository/com/cerner/careaware/event/management/evaluator/event-management-evaluator-context-source/2.1.0/event-management-evaluator-context-source-2.1.0.jar:/Users/mn036956/.m2/repository/com/cerner/careaware/services/careaware-core-client/5.2.0/careaware-core-client-5.2.0.jar:/Users/mn036956/.m2/repository/com/cerner/careaware/services/careaware-core-datamodel/1.5.0/careaware-core-datamodel-1.5.0.jar:/Users/mn036956/.m2/repository/com/cerner/careaware/services/careaware-datamodel-code/2.5.0/careaware-datamodel-code-2.5.0.jar:/Users/mn036956/.m2/repository/com/cerner/careaware/services/careaware-datamodel-encounter/2.13.0/careaware-datamodel-encounter-2.13.0.jar:/Users/mn036956/.m2/repository/com/cerner/careaware/services/careaware-datamodel-patientdeviceassoc/2.5.1-SNAPSHOT/careaware-datamodel-patientdeviceassoc-2.5.1-SNAPSHOT.jar:/Users/mn036956/.m2/repository/com/cerner/careaware/services/careaware-datamodel-provider/1.5.1/careaware-datamodel-provider-1.5.1.jar:/Users/mn036956/.m2/repository/com/cerner/eps/eps-util/1.7.0/eps-util-1.7.0.jar:/Users/mn036956/.m2/repository/com/cerner/careaware/services/careaware-datamodel-location/2.11.0/careaware-datamodel-location-2.11.0.jar:/Users/mn036956/.m2/repository/com/cerner/careaware/services/careaware-datamodel-patient/2.12.0/careaware-datamodel-patient-2.12.0.jar:/Users/mn036956/.m2/repository/com/cerner/careaware/services/careaware-datamodel-personnel/1.10.0/careaware-datamodel-personnel-1.10.0.jar:/Users/mn036956/.m2/repository/com/cerner/ibus/client/ibus-personnel-client/1.3.0/ibus-personnel-client-1.3.0.jar:/Users/mn036956/.m2/repository/com/cerner/careaware/ibus/ibus-core-data-gson/1.3.0/ibus-core-data-gson-1.3.0.jar:/Users/mn036956/.m2/repository/com/cerner/icommand/core/event-context-utility/1.3.1/event-context-utility-1.3.1.jar:/Users/mn036956/.m2/repository/com/cerner/ibus/client/ibus-eventrouting-client/1.1.0/ibus-eventrouting-client-1.1.0.jar:/Users/mn036956/.m2/repository/com/cerner/icommand/core/icommand-alertlink-components/2.3.1/icommand-alertlink-components-2.3.1.jar:/Users/mn036956/.m2/repository/com/cerner/careaware/ibus/ibus-core-connection-inmemory/1.10.0/ibus-core-connection-inmemory-1.10.0.jar:/Users/mn036956/.m2/repository/org/hornetq/hornetq-jms/2.2.21.Final/hornetq-jms-2.2.21.Final.jar:/Users/mn036956/.m2/repository/org/jboss/netty/netty/3.2.7.Final/netty-3.2.7.Final.jar:/Users/mn036956/.m2/repository/com/cerner/icommand/core/icommand-retriever-core/3.1.0/icommand-retriever-core-3.1.0.jar:/Users/mn036956/.m2/repository/com/cerner/careaware/edc/edc-data-model-core/2.6.0/edc-data-model-core-2.6.0.jar:/Users/mn036956/.m2/repository/com/cerner/ibus/client/ibus-device-client/1.12.0/ibus-device-client-1.12.0.jar:/Users/mn036956/.m2/repository/com/cerner/careaware/services/careaware-datamodel-correlationassociation/2.3.0/careaware-datamodel-correlationassociation-2.3.0.jar:/Users/mn036956/.m2/repository/com/cerner/careaware/services/careaware-datamodel-tempstore-common/3.8.0/careaware-datamodel-tempstore-common-3.8.0.jar:/Users/mn036956/.m2/repository/com/cerner/careaware/services/careaware-datamodel-p2da/3.6.0/careaware-datamodel-p2da-3.6.0.jar:/Users/mn036956/.m2/repository/com/cerner/careaware/services/careaware-serviceproxy-devicelifecycle/1.3.0/careaware-serviceproxy-devicelifecycle-1.3.0.jar:/Users/mn036956/.m2/repository/com/cerner/careaware/edc/edc-data-model-service/3.24.0/edc-data-model-service-3.24.0.jar:/Users/mn036956/.m2/repository/com/cerner/careaware/services/careaware-serviceproxy-encounter/2.13.0/careaware-serviceproxy-encounter-2.13.0.jar:/Users/mn036956/.m2/repository/com/cerner/careaware/services/careaware-serviceproxy-location/2.11.0/careaware-serviceproxy-location-2.11.0.jar:/Users/mn036956/.m2/repository/com/cerner/careaware/services/careaware-serviceproxy-p2da/3.6.0/careaware-serviceproxy-p2da-3.6.0.jar:/Users/mn036956/.m2/repository/com/cerner/careaware/services/careaware-serviceproxy-patient/2.12.0/careaware-serviceproxy-patient-2.12.0.jar:/Users/mn036956/.m2/repository/com/cerner/ibus/client/ibus-location-client/1.5.0/ibus-location-client-1.5.0.jar:/Users/mn036956/.m2/repository/com/cerner/careaware/services/careaware-serviceproxy-personnel/1.10.0/careaware-serviceproxy-personnel-1.10.0.jar:/Users/mn036956/.m2/repository/com/cerner/system/cache/system-cache/2.6/system-cache-2.6.jar:/Users/mn036956/.m2/repository/com/cerner/system/system-event/2.0/system-event-2.0.jar:/Users/mn036956/.m2/repository/com/google/guava/guava-osgi/9.0/guava-osgi-9.0.jar:/Users/mn036956/.m2/repository/com/google/guava/guava/26.0-jre/guava-26.0-jre.jar:/Users/mn036956/.m2/repository/com/google/code/findbugs/jsr305/1.3.9/jsr305-1.3.9.jar:/Users/mn036956/.m2/repository/org/checkerframework/checker-qual/2.5.2/checker-qual-2.5.2.jar:/Users/mn036956/.m2/repository/com/google/errorprone/error_prone_annotations/2.1.3/error_prone_annotations-2.1.3.jar:/Users/mn036956/.m2/repository/com/google/j2objc/j2objc-annotations/1.1/j2objc-annotations-1.1.jar:/Users/mn036956/.m2/repository/org/codehaus/mojo/animal-sniffer-annotations/1.14/animal-sniffer-annotations-1.14.jar:/Users/mn036956/.m2/repository/com/google/inject/guice/3.0/guice-3.0.jar:/Users/mn036956/.m2/repository/aopalliance/aopalliance/1.0/aopalliance-1.0.jar:/Users/mn036956/.m2/repository/joda-time/joda-time/2.10.5/joda-time-2.10.5.jar:/Users/mn036956/.m2/repository/com/cerner/careaware/event/management/evaluator/event-management-evaluator-notification-engine-data-model/3.1.0/event-management-evaluator-notification-engine-data-model-3.1.0.jar:/Users/mn036956/.m2/repository/com/cerner/careaware/services/careaware-datamodel-communicationdirectory/1.8.0/careaware-datamodel-communicationdirectory-1.8.0.jar:/Users/mn036956/.m2/repository/com/cerner/careaware/services/careaware-connect-communicationgroup/1.7.0/careaware-connect-communicationgroup-1.7.0.jar:/Users/mn036956/.m2/repository/com/google/http-client/google-http-client/1.20.0/google-http-client-1.20.0.jar:/Users/mn036956/.m2/repository/com/google/http-client/google-http-client-gson/1.20.0/google-http-client-gson-1.20.0.jar:/Users/mn036956/.m2/repository/org/bouncycastle/bcprov-jdk15on/1.54/bcprov-jdk15on-1.54.jar:/Users/mn036956/.m2/repository/com/cerner/careaware/services/careaware-datamodel-personnelassignment/1.4.0/careaware-datamodel-personnelassignment-1.4.0.jar:/Users/mn036956/.m2/repository/com/cerner/careaware/ibus/ibus-core-data/1.10.0/ibus-core-data-1.10.0.jar:/Users/mn036956/.m2/repository/com/cerner/careaware/ibus/ibus-core-data-inmemory/1.5.0/ibus-core-data-inmemory-1.5.0.jar:/Users/mn036956/.m2/repository/com/cerner/careaware/ibus/ibus-core-data-jdbc/2.9.0/ibus-core-data-jdbc-2.9.0.jar:/Users/mn036956/.m2/repository/commons-lang/commons-lang/2.6/commons-lang-2.6.jar:/Users/mn036956/.m2/repository/com/cerner/careaware/services/careaware-core-dataaccess/4.6.0/careaware-core-dataaccess-4.6.0.jar:/Users/mn036956/.m2/repository/com/cerner/careaware/services/careaware-core-dataaccess-jdbc/4.6.0/careaware-core-dataaccess-jdbc-4.6.0.jar:/Users/mn036956/.m2/repository/io/dropwizard/metrics/metrics-healthchecks/4.0.7/metrics-healthchecks-4.0.7.jar:/Users/mn036956/.m2/repository/io/dropwizard/metrics/metrics-core/4.0.7/metrics-core-4.0.7.jar:/Users/mn036956/.m2/repository/org/apache/derby/derby/10.14.2.0/derby-10.14.2.0.jar:/Users/mn036956/.m2/repository/com/mysql/mysql-connector-java-commercial/8.0.16-bin/mysql-connector-java-commercial-8.0.16-bin.jar:/Users/mn036956/.m2/repository/com/cerner/careaware/ibus/ibus-core-data-hazelcast/1.13.0/ibus-core-data-hazelcast-1.13.0.jar:/Users/mn036956/.m2/repository/com/hazelcast/hazelcast/3.12.4/hazelcast-3.12.4.jar:/Users/mn036956/.m2/repository/com/cerner/careaware/ibus/ibus-core-connection/1.23.0/ibus-core-connection-1.23.0.jar:/Users/mn036956/.m2/repository/commons-codec/commons-codec/1.11/commons-codec-1.11.jar:/Users/mn036956/.m2/repository/com/cerner/careaware/ibus/ibus-core-management/1.10.0/ibus-core-management-1.10.0.jar:/Users/mn036956/.m2/repository/com/cerner/careaware/ibus/ibus-core-service/1.8.0/ibus-core-service-1.8.0.jar:/Users/mn036956/.m2/repository/com/cerner/careaware/services/careaware-core-bindings-chopin/3.8.0/careaware-core-bindings-chopin-3.8.0.jar:/Users/mn036956/.m2/repository/com/cerner/careaware/services/careaware-core-service/3.1.0/careaware-core-service-3.1.0.jar:/Users/mn036956/.m2/repository/com/cerner/careaware/services/careaware-serviceproxy-configuration/1.15.0/careaware-serviceproxy-configuration-1.15.0.jar:/Users/mn036956/.m2/repository/com/cerner/careaware/edc/edc-core-client-compat/1.3.0/edc-core-client-compat-1.3.0.jar:/Users/mn036956/.m2/repository/com/cerner/careaware/ibus/ibus-core-data-compat/1.6.0/ibus-core-data-compat-1.6.0.jar:/Users/mn036956/.m2/repository/com/cerner/careaware/services/careaware-encryption/1.3.0/careaware-encryption-1.3.0.jar:/Users/mn036956/.m2/repository/com/cerner/icommand/core/eventrouting-core/2.0.1/eventrouting-core-2.0.1.jar:/Users/mn036956/.m2/repository/org/hornetq/hornetq-core/2.2.21.Final/hornetq-core-2.2.21.Final.jar:/Users/mn036956/.m2/repository/com/cerner/common/common-i18n/2.0-SNAPSHOT/common-i18n-2.0-SNAPSHOT.jar:/Users/mn036956/.m2/repository/com/cerner/common/common-string/1.5/common-string-1.5.jar:/Users/mn036956/.m2/repository/com/cerner/system/system-core/2.9.1/system-core-2.9.1.jar:/Users/mn036956/.m2/repository/commons-io/commons-io/2.6/commons-io-2.6.jar:/Users/mn036956/.m2/repository/com/cerner/careaware/services/careaware-datamodel-configuration/1.17.2/careaware-datamodel-configuration-1.17.2.jar:/Users/mn036956/.m2/repository/com/cerner/ibus/service/ibus-cfc-eligibility-service/1.3.0-SNAPSHOT/ibus-cfc-eligibility-service-1.3.0-SNAPSHOT.jar:/Users/mn036956/.m2/repository/org/springframework/boot/spring-boot-starter-actuator/2.1.10.RELEASE/spring-boot-starter-actuator-2.1.10.RELEASE.jar:/Users/mn036956/.m2/repository/org/springframework/boot/spring-boot-starter/2.1.10.RELEASE/spring-boot-starter-2.1.10.RELEASE.jar:/Users/mn036956/.m2/repository/org/springframework/boot/spring-boot-starter-logging/2.1.10.RELEASE/spring-boot-starter-logging-2.1.10.RELEASE.jar:/Users/mn036956/.m2/repository/org/apache/logging/log4j/log4j-to-slf4j/2.11.2/log4j-to-slf4j-2.11.2.jar:/Users/mn036956/.m2/repository/org/apache/logging/log4j/log4j-api/2.11.2/log4j-api-2.11.2.jar:/Users/mn036956/.m2/repository/org/slf4j/jul-to-slf4j/1.7.29/jul-to-slf4j-1.7.29.jar:/Users/mn036956/.m2/repository/javax/annotation/javax.annotation-api/1.3.2/javax.annotation-api-1.3.2.jar:/Users/mn036956/.m2/repository/org/springframework/boot/spring-boot-actuator-autoconfigure/2.1.10.RELEASE/spring-boot-actuator-autoconfigure-2.1.10.RELEASE.jar:/Users/mn036956/.m2/repository/org/springframework/boot/spring-boot-actuator/2.1.10.RELEASE/spring-boot-actuator-2.1.10.RELEASE.jar:/Users/mn036956/.m2/repository/com/fasterxml/jackson/datatype/jackson-datatype-jsr310/2.10.1/jackson-datatype-jsr310-2.10.1.jar:/Users/mn036956/.m2/repository/io/micrometer/micrometer-core/1.1.8/micrometer-core-1.1.8.jar:/Users/mn036956/.m2/repository/org/hdrhistogram/HdrHistogram/2.1.9/HdrHistogram-2.1.9.jar:/Users/mn036956/.m2/repository/org/latencyutils/LatencyUtils/2.0.3/LatencyUtils-2.0.3.jar:/Users/mn036956/.m2/repository/org/springframework/spring-context/5.1.11.RELEASE/spring-context-5.1.11.RELEASE.jar:/Users/mn036956/.m2/repository/org/springframework/spring-aop/5.1.11.RELEASE/spring-aop-5.1.11.RELEASE.jar:/Users/mn036956/.m2/repository/org/springframework/spring-beans/5.1.11.RELEASE/spring-beans-5.1.11.RELEASE.jar:/Users/mn036956/.m2/repository/org/springframework/spring-expression/5.1.11.RELEASE/spring-expression-5.1.11.RELEASE.jar:/Users/mn036956/.m2/repository/org/springframework/spring-core/5.1.11.RELEASE/spring-core-5.1.11.RELEASE.jar:/Users/mn036956/.m2/repository/org/springframework/spring-jcl/5.1.11.RELEASE/spring-jcl-5.1.11.RELEASE.jar:/Users/mn036956/.m2/repository/org/springframework/spring-context-support/5.1.11.RELEASE/spring-context-support-5.1.11.RELEASE.jar:/Users/mn036956/.m2/repository/org/springframework/spring-web/5.1.11.RELEASE/spring-web-5.1.11.RELEASE.jar:/Users/mn036956/.m2/repository/org/springframework/boot/spring-boot-starter-data-jpa/2.1.10.RELEASE/spring-boot-starter-data-jpa-2.1.10.RELEASE.jar:/Users/mn036956/.m2/repository/org/springframework/boot/spring-boot-starter-aop/2.1.10.RELEASE/spring-boot-starter-aop-2.1.10.RELEASE.jar:/Users/mn036956/.m2/repository/org/springframework/boot/spring-boot-starter-jdbc/2.1.10.RELEASE/spring-boot-starter-jdbc-2.1.10.RELEASE.jar:/Users/mn036956/.m2/repository/javax/transaction/javax.transaction-api/1.3/javax.transaction-api-1.3.jar:/Users/mn036956/.m2/repository/javax/xml/bind/jaxb-api/2.3.1/jaxb-api-2.3.1.jar:/Users/mn036956/.m2/repository/org/springframework/data/spring-data-jpa/2.1.12.RELEASE/spring-data-jpa-2.1.12.RELEASE.jar:/Users/mn036956/.m2/repository/org/springframework/data/spring-data-commons/2.1.12.RELEASE/spring-data-commons-2.1.12.RELEASE.jar:/Users/mn036956/.m2/repository/org/slf4j/slf4j-api/1.7.29/slf4j-api-1.7.29.jar:/Users/mn036956/.m2/repository/mysql/mysql-connector-java/8.0.18/mysql-connector-java-8.0.18.jar:/Users/mn036956/.m2/repository/org/hibernate/hibernate-core/5.3.13.Final/hibernate-core-5.3.13.Final.jar:/Users/mn036956/.m2/repository/org/jboss/logging/jboss-logging/3.3.3.Final/jboss-logging-3.3.3.Final.jar:/Users/mn036956/.m2/repository/javax/persistence/javax.persistence-api/2.2/javax.persistence-api-2.2.jar:/Users/mn036956/.m2/repository/org/javassist/javassist/3.21.0-GA/javassist-3.21.0-GA.jar:/Users/mn036956/.m2/repository/net/bytebuddy/byte-buddy/1.9.16/byte-buddy-1.9.16.jar:/Users/mn036956/.m2/repository/antlr/antlr/2.7.7/antlr-2.7.7.jar:/Users/mn036956/.m2/repository/org/jboss/spec/javax/transaction/jboss-transaction-api_1.2_spec/1.1.1.Final/jboss-transaction-api_1.2_spec-1.1.1.Final.jar:/Users/mn036956/.m2/repository/org/jboss/jandex/2.0.5.Final/jandex-2.0.5.Final.jar:/Users/mn036956/.m2/repository/com/fasterxml/classmate/1.4.0/classmate-1.4.0.jar:/Users/mn036956/.m2/repository/javax/activation/javax.activation-api/1.2.0/javax.activation-api-1.2.0.jar:/Users/mn036956/.m2/repository/org/dom4j/dom4j/2.1.1/dom4j-2.1.1.jar:/Users/mn036956/.m2/repository/org/hibernate/common/hibernate-commons-annotations/5.0.4.Final/hibernate-commons-annotations-5.0.4.Final.jar:/Users/mn036956/.m2/repository/org/glassfish/jaxb/jaxb-runtime/2.3.1/jaxb-runtime-2.3.1.jar:/Users/mn036956/.m2/repository/org/glassfish/jaxb/txw2/2.3.1/txw2-2.3.1.jar:/Users/mn036956/.m2/repository/com/sun/istack/istack-commons-runtime/3.0.7/istack-commons-runtime-3.0.7.jar:/Users/mn036956/.m2/repository/org/jvnet/staxex/stax-ex/1.8/stax-ex-1.8.jar:/Users/mn036956/.m2/repository/com/sun/xml/fastinfoset/FastInfoset/1.2.15/FastInfoset-1.2.15.jar:/Users/mn036956/.m2/repository/org/springframework/spring-orm/5.1.11.RELEASE/spring-orm-5.1.11.RELEASE.jar:/Users/mn036956/.m2/repository/org/springframework/spring-jdbc/5.1.11.RELEASE/spring-jdbc-5.1.11.RELEASE.jar:/Users/mn036956/.m2/repository/org/springframework/spring-tx/5.1.11.RELEASE/spring-tx-5.1.11.RELEASE.jar:/Users/mn036956/.m2/repository/org/hibernate/javax/persistence/hibernate-jpa-2.1-api/1.0.2.Final/hibernate-jpa-2.1-api-1.0.2.Final.jar:/Users/mn036956/.m2/repository/org/hibernate/hibernate-entitymanager/5.3.13.Final/hibernate-entitymanager-5.3.13.Final.jar:/Users/mn036956/.m2/repository/com/zaxxer/HikariCP/3.2.0/HikariCP-3.2.0.jar:/Users/mn036956/.m2/repository/org/springframework/boot/spring-boot/2.1.10.RELEASE/spring-boot-2.1.10.RELEASE.jar:/Users/mn036956/.m2/repository/org/springframework/boot/spring-boot-autoconfigure/2.1.10.RELEASE/spring-boot-autoconfigure-2.1.10.RELEASE.jar:/Users/mn036956/.m2/repository/com/google/code/gson/gson/2.8.5/gson-2.8.5.jar:/Users/mn036956/.m2/repository/javax/inject/javax.inject/1/javax.inject-1.jar:/Users/mn036956/.m2/repository/org/liquibase/liquibase-core/3.6.3/liquibase-core-3.6.3.jar:/Users/mn036956/.m2/repository/org/yaml/snakeyaml/1.23/snakeyaml-1.23.jar:/Users/mn036956/.m2/repository/org/liquibase/ext/liquibase-hibernate5/3.6/liquibase-hibernate5-3.6.jar:/Users/mn036956/.m2/repository/org/hibernate/hibernate-envers/5.3.13.Final/hibernate-envers-5.3.13.Final.jar:/Users/mn036956/.m2/repository/com/h2database/h2/1.4.200/h2-1.4.200.jar:/Users/mn036956/.m2/repository/com/cerner/careaware/ibus/ibus-core-connection-sonic/1.14.0/ibus-core-connection-sonic-1.14.0.jar:/Users/mn036956/.m2/repository/com/sonic/mfcontext/10.0.7.175/mfcontext-10.0.7.175.jar:/Users/mn036956/.m2/repository/com/sonic/mgmt_client/10.0.7.175/mgmt_client-10.0.7.175.jar:/Users/mn036956/.m2/repository/com/sonic/mgmt_config/10.0.7.175/mgmt_config-10.0.7.175.jar:/Users/mn036956/.m2/repository/com/sonic/sonic_channel/10.0.7.175/sonic_channel-10.0.7.175.jar:/Users/mn036956/.m2/repository/com/sonic/sonic_client/10.0.7.175/sonic_client-10.0.7.175.jar:/Users/mn036956/.m2/repository/com/sonic/sonic_crypto/10.0.7.175/sonic_crypto-10.0.7.175.jar:/Users/mn036956/.m2/repository/com/sonic/sonic_mgmt_client/10.0.7.175/sonic_mgmt_client-10.0.7.175.jar:/Users/mn036956/.m2/repository/com/sonic/sonic_selector/10.0.7.175/sonic_selector-10.0.7.175.jar:/Users/mn036956/.m2/repository/com/sonic/sonic_sf/10.0.7.175/sonic_sf-10.0.7.175.jar:/Users/mn036956/.m2/repository/com/sonic/sonic_ssl/10.0.7.175/sonic_ssl-10.0.7.175.jar:/Users/mn036956/.m2/repository/com/sonic/sonic_xa/10.0.7.175/sonic_xa-10.0.7.175.jar:/Users/mn036956/.m2/repository/com/sonic/sonic_xmessage/10.0.7.175/sonic_xmessage-10.0.7.175.jar:/Users/mn036956/.m2/repository/com/cerner/careaware/ibus/ibus-core-connection-rabbitmq/1.17.1/ibus-core-connection-rabbitmq-1.17.1.jar:/Users/mn036956/.m2/repository/com/rabbitmq/amqp-client/5.7.3/amqp-client-5.7.3.jar:/Users/mn036956/.m2/repository/com/cerner/careaware/ibus/ibus-core-data-kryo/1.5.0/ibus-core-data-kryo-1.5.0.jar:/Users/mn036956/.m2/repository/com/cerner/careaware/ibus/ibus-core-data-xstream/1.7.0/ibus-core-data-xstream-1.7.0.jar:/Users/mn036956/.m2/repository/com/cerner/careaware/ibus/ibus-core-container/1.30.0/ibus-core-container-1.30.0.jar:/Users/mn036956/.m2/repository/com/cerner/careaware/services/careaware-datamodel-monitoring/2.4.0/careaware-datamodel-monitoring-2.4.0.jar:/Users/mn036956/.m2/repository/com/cerner/careaware/services/careaware-utils/1.4.0/careaware-utils-1.4.0.jar:/Users/mn036956/.m2/repository/cglib/cglib-nodep/3.3.0/cglib-nodep-3.3.0.jar:/Users/mn036956/.m2/repository/com/cerner/system/instrument/system-instrument/2.6/system-instrument-2.6.jar:/Users/mn036956/.m2/repository/com/cerner/system/registry/system-registry-genesis/2.0.1/system-registry-genesis-2.0.1.jar:/Users/mn036956/.m2/repository/com/cerner/system/system-conf/2.0/system-conf-2.0.jar:/Users/mn036956/.m2/repository/org/powermock/powermock-module-junit4/1.6.5/powermock-module-junit4-1.6.5.jar:/Users/mn036956/.m2/repository/junit/junit/4.12/junit-4.12.jar:/Users/mn036956/.m2/repository/org/hamcrest/hamcrest-core/1.3/hamcrest-core-1.3.jar:/Users/mn036956/.m2/repository/org/powermock/powermock-module-junit4-common/1.6.5/powermock-module-junit4-common-1.6.5.jar:/Users/mn036956/.m2/repository/org/powermock/powermock-core/1.6.5/powermock-core-1.6.5.jar:/Users/mn036956/.m2/repository/org/powermock/powermock-reflect/1.6.5/powermock-reflect-1.6.5.jar:/Users/mn036956/.m2/repository/org/objenesis/objenesis/2.2/objenesis-2.2.jar:/Users/mn036956/.m2/repository/com/cerner/careaware/ibus/ibus-tenant-registry-loader/2.10.0/ibus-tenant-registry-loader-2.10.0.jar:/Users/mn036956/.m2/repository/com/cerner/careaware/ibus/ibus-core-data-spring/1.3.0/ibus-core-data-spring-1.3.0.jar:/Users/mn036956/.m2/repository/ch/qos/logback/logback-classic/1.2.3/logback-classic-1.2.3.jar:/Users/mn036956/.m2/repository/ch/qos/logback/logback-core/1.2.3/logback-core-1.2.3.jar:/Users/mn036956/.m2/repository/com/cerner/ibus/client/ibus-cfc-eligibility-client/1.1.0-SNAPSHOT/ibus-cfc-eligibility-client-1.1.0-SNAPSHOT.jar:/Users/mn036956/.m2/repository/org/codehaus/jackson/jackson-mapper-asl/1.9.13/jackson-mapper-asl-1.9.13.jar:/Users/mn036956/.m2/repository/org/codehaus/jackson/jackson-core-asl/1.9.13/jackson-core-asl-1.9.13.jar:/Users/mn036956/.m2/repository/org/springframework/spring-aspects/5.1.11.RELEASE/spring-aspects-5.1.11.RELEASE.jar:/Users/mn036956/.m2/repository/org/aspectj/aspectjweaver/1.9.4/aspectjweaver-1.9.4.jar:/Users/mn036956/.m2/repository/com/mikesamuel/json-sanitizer/1.2.0/json-sanitizer-1.2.0.jar:/Users/mn036956/.m2/repository/com/googlecode/json-simple/json-simple/1.1.1/json-simple-1.1.1.jar:/Users/mn036956/.m2/repository/com/fasterxml/jackson/dataformat/jackson-dataformat-csv/2.10.1/jackson-dataformat-csv-2.10.1.jar:/Users/mn036956/.m2/repository/com/fasterxml/jackson/core/jackson-databind/2.10.1/jackson-databind-2.10.1.jar:/Users/mn036956/.m2/repository/com/fasterxml/jackson/core/jackson-annotations/2.10.1/jackson-annotations-2.10.1.jar:/Users/mn036956/.m2/repository/com/fasterxml/jackson/core/jackson-core/2.10.1/jackson-core-2.10.1.jar:/Users/mn036956/.m2/repository/com/cerner/ibus/service/ibus-cfc-eligibilityrules-service/1.3.0-SNAPSHOT/ibus-cfc-eligibilityrules-service-1.3.0-SNAPSHOT.jar:/Users/mn036956/.m2/repository/com/cerner/careaware/services/careaware-core-dataaccess-jdbc-mysql/4.6.0/careaware-core-dataaccess-jdbc-mysql-4.6.0.jar:/Users/mn036956/.m2/repository/org/mapstruct/mapstruct/1.3.0.Final/mapstruct-1.3.0.Final.jar:/Users/mn036956/.m2/repository/com/shazam/shazamcrest/0.11/shazamcrest-0.11.jar:/Users/mn036956/.m2/repository/org/skyscreamer/jsonassert/1.5.0/jsonassert-1.5.0.jar:/Users/mn036956/.m2/repository/com/vaadin/external/google/android-json/0.0.20131108.vaadin1/android-json-0.0.20131108.vaadin1.jar:/Users/mn036956/.m2/repository/org/apache/commons/commons-lang3/3.8.1/commons-lang3-3.8.1.jar:/Users/mn036956/.m2/repository/net/java/dev/vcc/thirdparty/collection-setter-injector/0.5.0-1/collection-setter-injector-0.5.0-1.jar:/Users/mn036956/.m2/repository/org/jvnet/jaxb2_commons/jaxb2-basics-runtime/0.11.1/jaxb2-basics-runtime-0.11.1.jar:/Users/mn036956/.m2/repository/org/apache/httpcomponents/httpclient/4.5.9/httpclient-4.5.9.jar:/Users/mn036956/.m2/repository/org/apache/httpcomponents/httpcore/4.4.12/httpcore-4.4.12.jar:/Users/mn036956/.m2/repository/commons-logging/commons-logging/1.2/commons-logging-1.2.jar:/Users/mn036956/.m2/repository/com/cerner/careaware/springboot-microservice-careawarepubsub/0.0.1-SNAPSHOT/springboot-microservice-careawarepubsub-0.0.1-SNAPSHOT.jar:/Users/mn036956/.m2/repository/com/cerner/icommand/core/icommand-core/2.14.0/icommand-core-2.14.0.jar:/Users/mn036956/.m2/repository/com/cerner/careaware/services/careaware-core/1.6.0/careaware-core-1.6.0.jar:/Users/mn036956/.m2/repository/com/cerner/careaware/services/careaware-core-bindings/2.2.0/careaware-core-bindings-2.2.0.jar:/Users/mn036956/.m2/repository/com/cerner/system/system-i18n/2.4.1/system-i18n-2.4.1.jar:/Users/mn036956/.m2/repository/com/cerner/system/instrument/system-instrument-logging-basic/2.1/system-instrument-logging-basic-2.1.jar:/Users/mn036956/.m2/repository/org/apache/maven/surefire/surefire-junit4/2.22.1/surefire-junit4-2.22.1.jar:/Users/mn036956/.m2/repository/org/jacoco/org.jacoco.agent/0.8.3/org.jacoco.agent-0.8.3-runtime.jar"/>
    <property name="git.branch" value="master"/>
    <property name="java.vm.vendor" value="Oracle Corporation"/>
    <property name="sun.arch.data.model" value="64"/>
    <property name="java.vendor.url" value="http://java.oracle.com/"/>
    <property name="user.timezone" value=""/>
    <property name="os.name" value="Mac OS X"/>
    <property name="java.vm.specification.version" value="1.8"/>
    <property name="sun.java.launcher" value="SUN_STANDARD"/>
    <property name="user.country" value="US"/>
    <property name="sun.boot.library.path" value="/Library/Java/JavaVirtualMachines/jdk1.8.0_231.jdk/Contents/Home/jre/lib"/>
    <property name="sun.java.command" value="org.apache.maven.surefire.booter.ForkedBooter /Users/mn036956/Documents/GitHub/core-financial-clearance-solution/target/surefire 2020-03-09T15-12-30_533-jvmRun1 surefire3536154164434681139tmp surefire_05060307508022155568tmp"/>
    <property name="http.nonProxyHosts" value="local|*.local|169.254/16|*.169.254/16"/>
    <property name="surefire.test.class.path" value="/Users/mn036956/Documents/GitHub/core-financial-clearance-solution/target/test-classes:/Users/mn036956/Documents/GitHub/core-financial-clearance-solution/target/classes:/Users/mn036956/.m2/repository/com/cerner/careaware/build/careaware-build-core/2.22.1/careaware-build-core-2.22.1.jar:/Users/mn036956/.m2/repository/com/cerner/careaware/ibus/ibus-core/2.10.0/ibus-core-2.10.0.jar:/Users/mn036956/.m2/repository/com/cerner/management/measurement/management-measurement/4.3.4/management-measurement-4.3.4.jar:/Users/mn036956/.m2/repository/com/cerner/management/management-core-util/4.3.4/management-core-util-4.3.4.jar:/Users/mn036956/.m2/repository/com/cerner/services/security/authorization/security-authorization/1.0.1/security-authorization-1.0.1.jar:/Users/mn036956/.m2/repository/com/cerner/services/security/authorization/security-authorization-guardian/1.1.1/security-authorization-guardian-1.1.1.jar:/Users/mn036956/.m2/repository/com/cerner/careaware/build/careaware-build-factory/2.22.1/careaware-build-factory-2.22.1.jar:/Users/mn036956/.m2/repository/com/cerner/careaware/edc/edc-core/1.9.0/edc-core-1.9.0.jar:/Users/mn036956/.m2/repository/com/cerner/careaware/edc/edc-core-client/4.3.0/edc-core-client-4.3.0.jar:/Users/mn036956/.m2/repository/com/cerner/careaware/edc/xstream-plugin/1.4.11.1/xstream-plugin-1.4.11.1.jar:/Users/mn036956/.m2/repository/com/thoughtworks/xstream/xstream/1.4.11.1/xstream-1.4.11.1.jar:/Users/mn036956/.m2/repository/xpp3/xpp3_min/1.1.4c/xpp3_min-1.1.4c.jar:/Users/mn036956/.m2/repository/xmlpull/xmlpull/1.1.3.1/xmlpull-1.1.3.1.jar:/Users/mn036956/.m2/repository/com/cerner/system/enterprise/system-enterprise-csa/1.3.2/system-enterprise-csa-1.3.2.jar:/Users/mn036956/.m2/repository/com/cerner/system/enterprise/system-enterprise-data/2.4/system-enterprise-data-2.4.jar:/Users/mn036956/.m2/repository/com/cerner/system/registry/system-registry/2.1/system-registry-2.1.jar:/Users/mn036956/.m2/repository/javax/jms/jms/1.1/jms-1.1.jar:/Users/mn036956/.m2/repository/org/xbill/dns/org.xbill.dns/2.1.3/org.xbill.dns-2.1.3.jar:/Users/mn036956/.m2/repository/com/cerner/careaware/event/management/evaluator/event-management-evaluator-context-source/2.1.0/event-management-evaluator-context-source-2.1.0.jar:/Users/mn036956/.m2/repository/com/cerner/careaware/services/careaware-core-client/5.2.0/careaware-core-client-5.2.0.jar:/Users/mn036956/.m2/repository/com/cerner/careaware/services/careaware-core-datamodel/1.5.0/careaware-core-datamodel-1.5.0.jar:/Users/mn036956/.m2/repository/com/cerner/careaware/services/careaware-datamodel-code/2.5.0/careaware-datamodel-code-2.5.0.jar:/Users/mn036956/.m2/repository/com/cerner/careaware/services/careaware-datamodel-encounter/2.13.0/careaware-datamodel-encounter-2.13.0.jar:/Users/mn036956/.m2/repository/com/cerner/careaware/services/careaware-datamodel-patientdeviceassoc/2.5.1-SNAPSHOT/careaware-datamodel-patientdeviceassoc-2.5.1-SNAPSHOT.jar:/Users/mn036956/.m2/repository/com/cerner/careaware/services/careaware-datamodel-provider/1.5.1/careaware-datamodel-provider-1.5.1.jar:/Users/mn036956/.m2/repository/com/cerner/eps/eps-util/1.7.0/eps-util-1.7.0.jar:/Users/mn036956/.m2/repository/com/cerner/careaware/services/careaware-datamodel-location/2.11.0/careaware-datamodel-location-2.11.0.jar:/Users/mn036956/.m2/repository/com/cerner/careaware/services/careaware-datamodel-patient/2.12.0/careaware-datamodel-patient-2.12.0.jar:/Users/mn036956/.m2/repository/com/cerner/careaware/services/careaware-datamodel-personnel/1.10.0/careaware-datamodel-personnel-1.10.0.jar:/Users/mn036956/.m2/repository/com/cerner/ibus/client/ibus-personnel-client/1.3.0/ibus-personnel-client-1.3.0.jar:/Users/mn036956/.m2/repository/com/cerner/careaware/ibus/ibus-core-data-gson/1.3.0/ibus-core-data-gson-1.3.0.jar:/Users/mn036956/.m2/repository/com/cerner/icommand/core/event-context-utility/1.3.1/event-context-utility-1.3.1.jar:/Users/mn036956/.m2/repository/com/cerner/ibus/client/ibus-eventrouting-client/1.1.0/ibus-eventrouting-client-1.1.0.jar:/Users/mn036956/.m2/repository/com/cerner/icommand/core/icommand-alertlink-components/2.3.1/icommand-alertlink-components-2.3.1.jar:/Users/mn036956/.m2/repository/com/cerner/careaware/ibus/ibus-core-connection-inmemory/1.10.0/ibus-core-connection-inmemory-1.10.0.jar:/Users/mn036956/.m2/repository/org/hornetq/hornetq-jms/2.2.21.Final/hornetq-jms-2.2.21.Final.jar:/Users/mn036956/.m2/repository/org/jboss/netty/netty/3.2.7.Final/netty-3.2.7.Final.jar:/Users/mn036956/.m2/repository/com/cerner/icommand/core/icommand-retriever-core/3.1.0/icommand-retriever-core-3.1.0.jar:/Users/mn036956/.m2/repository/com/cerner/careaware/edc/edc-data-model-core/2.6.0/edc-data-model-core-2.6.0.jar:/Users/mn036956/.m2/repository/com/cerner/ibus/client/ibus-device-client/1.12.0/ibus-device-client-1.12.0.jar:/Users/mn036956/.m2/repository/com/cerner/careaware/services/careaware-datamodel-correlationassociation/2.3.0/careaware-datamodel-correlationassociation-2.3.0.jar:/Users/mn036956/.m2/repository/com/cerner/careaware/services/careaware-datamodel-tempstore-common/3.8.0/careaware-datamodel-tempstore-common-3.8.0.jar:/Users/mn036956/.m2/repository/com/cerner/careaware/services/careaware-datamodel-p2da/3.6.0/careaware-datamodel-p2da-3.6.0.jar:/Users/mn036956/.m2/repository/com/cerner/careaware/services/careaware-serviceproxy-devicelifecycle/1.3.0/careaware-serviceproxy-devicelifecycle-1.3.0.jar:/Users/mn036956/.m2/repository/com/cerner/careaware/edc/edc-data-model-service/3.24.0/edc-data-model-service-3.24.0.jar:/Users/mn036956/.m2/repository/com/cerner/careaware/services/careaware-serviceproxy-encounter/2.13.0/careaware-serviceproxy-encounter-2.13.0.jar:/Users/mn036956/.m2/repository/com/cerner/careaware/services/careaware-serviceproxy-location/2.11.0/careaware-serviceproxy-location-2.11.0.jar:/Users/mn036956/.m2/repository/com/cerner/careaware/services/careaware-serviceproxy-p2da/3.6.0/careaware-serviceproxy-p2da-3.6.0.jar:/Users/mn036956/.m2/repository/com/cerner/careaware/services/careaware-serviceproxy-patient/2.12.0/careaware-serviceproxy-patient-2.12.0.jar:/Users/mn036956/.m2/repository/com/cerner/ibus/client/ibus-location-client/1.5.0/ibus-location-client-1.5.0.jar:/Users/mn036956/.m2/repository/com/cerner/careaware/services/careaware-serviceproxy-personnel/1.10.0/careaware-serviceproxy-personnel-1.10.0.jar:/Users/mn036956/.m2/repository/com/cerner/system/cache/system-cache/2.6/system-cache-2.6.jar:/Users/mn036956/.m2/repository/com/cerner/system/system-event/2.0/system-event-2.0.jar:/Users/mn036956/.m2/repository/com/google/guava/guava-osgi/9.0/guava-osgi-9.0.jar:/Users/mn036956/.m2/repository/com/google/guava/guava/26.0-jre/guava-26.0-jre.jar:/Users/mn036956/.m2/repository/com/google/code/findbugs/jsr305/1.3.9/jsr305-1.3.9.jar:/Users/mn036956/.m2/repository/org/checkerframework/checker-qual/2.5.2/checker-qual-2.5.2.jar:/Users/mn036956/.m2/repository/com/google/errorprone/error_prone_annotations/2.1.3/error_prone_annotations-2.1.3.jar:/Users/mn036956/.m2/repository/com/google/j2objc/j2objc-annotations/1.1/j2objc-annotations-1.1.jar:/Users/mn036956/.m2/repository/org/codehaus/mojo/animal-sniffer-annotations/1.14/animal-sniffer-annotations-1.14.jar:/Users/mn036956/.m2/repository/com/google/inject/guice/3.0/guice-3.0.jar:/Users/mn036956/.m2/repository/aopalliance/aopalliance/1.0/aopalliance-1.0.jar:/Users/mn036956/.m2/repository/joda-time/joda-time/2.10.5/joda-time-2.10.5.jar:/Users/mn036956/.m2/repository/com/cerner/careaware/event/management/evaluator/event-management-evaluator-notification-engine-data-model/3.1.0/event-management-evaluator-notification-engine-data-model-3.1.0.jar:/Users/mn036956/.m2/repository/com/cerner/careaware/services/careaware-datamodel-communicationdirectory/1.8.0/careaware-datamodel-communicationdirectory-1.8.0.jar:/Users/mn036956/.m2/repository/com/cerner/careaware/services/careaware-connect-communicationgroup/1.7.0/careaware-connect-communicationgroup-1.7.0.jar:/Users/mn036956/.m2/repository/com/google/http-client/google-http-client/1.20.0/google-http-client-1.20.0.jar:/Users/mn036956/.m2/repository/com/google/http-client/google-http-client-gson/1.20.0/google-http-client-gson-1.20.0.jar:/Users/mn036956/.m2/repository/org/bouncycastle/bcprov-jdk15on/1.54/bcprov-jdk15on-1.54.jar:/Users/mn036956/.m2/repository/com/cerner/careaware/services/careaware-datamodel-personnelassignment/1.4.0/careaware-datamodel-personnelassignment-1.4.0.jar:/Users/mn036956/.m2/repository/com/cerner/careaware/ibus/ibus-core-data/1.10.0/ibus-core-data-1.10.0.jar:/Users/mn036956/.m2/repository/com/cerner/careaware/ibus/ibus-core-data-inmemory/1.5.0/ibus-core-data-inmemory-1.5.0.jar:/Users/mn036956/.m2/repository/com/cerner/careaware/ibus/ibus-core-data-jdbc/2.9.0/ibus-core-data-jdbc-2.9.0.jar:/Users/mn036956/.m2/repository/commons-lang/commons-lang/2.6/commons-lang-2.6.jar:/Users/mn036956/.m2/repository/com/cerner/careaware/services/careaware-core-dataaccess/4.6.0/careaware-core-dataaccess-4.6.0.jar:/Users/mn036956/.m2/repository/com/cerner/careaware/services/careaware-core-dataaccess-jdbc/4.6.0/careaware-core-dataaccess-jdbc-4.6.0.jar:/Users/mn036956/.m2/repository/io/dropwizard/metrics/metrics-healthchecks/4.0.7/metrics-healthchecks-4.0.7.jar:/Users/mn036956/.m2/repository/io/dropwizard/metrics/metrics-core/4.0.7/metrics-core-4.0.7.jar:/Users/mn036956/.m2/repository/org/apache/derby/derby/10.14.2.0/derby-10.14.2.0.jar:/Users/mn036956/.m2/repository/com/mysql/mysql-connector-java-commercial/8.0.16-bin/mysql-connector-java-commercial-8.0.16-bin.jar:/Users/mn036956/.m2/repository/com/cerner/careaware/ibus/ibus-core-data-hazelcast/1.13.0/ibus-core-data-hazelcast-1.13.0.jar:/Users/mn036956/.m2/repository/com/hazelcast/hazelcast/3.12.4/hazelcast-3.12.4.jar:/Users/mn036956/.m2/repository/com/cerner/careaware/ibus/ibus-core-connection/1.23.0/ibus-core-connection-1.23.0.jar:/Users/mn036956/.m2/repository/commons-codec/commons-codec/1.11/commons-codec-1.11.jar:/Users/mn036956/.m2/repository/com/cerner/careaware/ibus/ibus-core-management/1.10.0/ibus-core-management-1.10.0.jar:/Users/mn036956/.m2/repository/com/cerner/careaware/ibus/ibus-core-service/1.8.0/ibus-core-service-1.8.0.jar:/Users/mn036956/.m2/repository/com/cerner/careaware/services/careaware-core-bindings-chopin/3.8.0/careaware-core-bindings-chopin-3.8.0.jar:/Users/mn036956/.m2/repository/com/cerner/careaware/services/careaware-core-service/3.1.0/careaware-core-service-3.1.0.jar:/Users/mn036956/.m2/repository/com/cerner/careaware/services/careaware-serviceproxy-configuration/1.15.0/careaware-serviceproxy-configuration-1.15.0.jar:/Users/mn036956/.m2/repository/com/cerner/careaware/edc/edc-core-client-compat/1.3.0/edc-core-client-compat-1.3.0.jar:/Users/mn036956/.m2/repository/com/cerner/careaware/ibus/ibus-core-data-compat/1.6.0/ibus-core-data-compat-1.6.0.jar:/Users/mn036956/.m2/repository/com/cerner/careaware/services/careaware-encryption/1.3.0/careaware-encryption-1.3.0.jar:/Users/mn036956/.m2/repository/com/cerner/icommand/core/eventrouting-core/2.0.1/eventrouting-core-2.0.1.jar:/Users/mn036956/.m2/repository/org/hornetq/hornetq-core/2.2.21.Final/hornetq-core-2.2.21.Final.jar:/Users/mn036956/.m2/repository/com/cerner/common/common-i18n/2.0-SNAPSHOT/common-i18n-2.0-SNAPSHOT.jar:/Users/mn036956/.m2/repository/com/cerner/common/common-string/1.5/common-string-1.5.jar:/Users/mn036956/.m2/repository/com/cerner/system/system-core/2.9.1/system-core-2.9.1.jar:/Users/mn036956/.m2/repository/commons-io/commons-io/2.6/commons-io-2.6.jar:/Users/mn036956/.m2/repository/com/cerner/careaware/services/careaware-datamodel-configuration/1.17.2/careaware-datamodel-configuration-1.17.2.jar:/Users/mn036956/.m2/repository/com/cerner/ibus/service/ibus-cfc-eligibility-service/1.3.0-SNAPSHOT/ibus-cfc-eligibility-service-1.3.0-SNAPSHOT.jar:/Users/mn036956/.m2/repository/org/springframework/boot/spring-boot-starter-actuator/2.1.10.RELEASE/spring-boot-starter-actuator-2.1.10.RELEASE.jar:/Users/mn036956/.m2/repository/org/springframework/boot/spring-boot-starter/2.1.10.RELEASE/spring-boot-starter-2.1.10.RELEASE.jar:/Users/mn036956/.m2/repository/org/springframework/boot/spring-boot-starter-logging/2.1.10.RELEASE/spring-boot-starter-logging-2.1.10.RELEASE.jar:/Users/mn036956/.m2/repository/org/apache/logging/log4j/log4j-to-slf4j/2.11.2/log4j-to-slf4j-2.11.2.jar:/Users/mn036956/.m2/repository/org/apache/logging/log4j/log4j-api/2.11.2/log4j-api-2.11.2.jar:/Users/mn036956/.m2/repository/org/slf4j/jul-to-slf4j/1.7.29/jul-to-slf4j-1.7.29.jar:/Users/mn036956/.m2/repository/javax/annotation/javax.annotation-api/1.3.2/javax.annotation-api-1.3.2.jar:/Users/mn036956/.m2/repository/org/springframework/boot/spring-boot-actuator-autoconfigure/2.1.10.RELEASE/spring-boot-actuator-autoconfigure-2.1.10.RELEASE.jar:/Users/mn036956/.m2/repository/org/springframework/boot/spring-boot-actuator/2.1.10.RELEASE/spring-boot-actuator-2.1.10.RELEASE.jar:/Users/mn036956/.m2/repository/com/fasterxml/jackson/datatype/jackson-datatype-jsr310/2.10.1/jackson-datatype-jsr310-2.10.1.jar:/Users/mn036956/.m2/repository/io/micrometer/micrometer-core/1.1.8/micrometer-core-1.1.8.jar:/Users/mn036956/.m2/repository/org/hdrhistogram/HdrHistogram/2.1.9/HdrHistogram-2.1.9.jar:/Users/mn036956/.m2/repository/org/latencyutils/LatencyUtils/2.0.3/LatencyUtils-2.0.3.jar:/Users/mn036956/.m2/repository/org/springframework/spring-context/5.1.11.RELEASE/spring-context-5.1.11.RELEASE.jar:/Users/mn036956/.m2/repository/org/springframework/spring-aop/5.1.11.RELEASE/spring-aop-5.1.11.RELEASE.jar:/Users/mn036956/.m2/repository/org/springframework/spring-beans/5.1.11.RELEASE/spring-beans-5.1.11.RELEASE.jar:/Users/mn036956/.m2/repository/org/springframework/spring-expression/5.1.11.RELEASE/spring-expression-5.1.11.RELEASE.jar:/Users/mn036956/.m2/repository/org/springframework/spring-core/5.1.11.RELEASE/spring-core-5.1.11.RELEASE.jar:/Users/mn036956/.m2/repository/org/springframework/spring-jcl/5.1.11.RELEASE/spring-jcl-5.1.11.RELEASE.jar:/Users/mn036956/.m2/repository/org/springframework/spring-context-support/5.1.11.RELEASE/spring-context-support-5.1.11.RELEASE.jar:/Users/mn036956/.m2/repository/org/springframework/spring-web/5.1.11.RELEASE/spring-web-5.1.11.RELEASE.jar:/Users/mn036956/.m2/repository/org/springframework/boot/spring-boot-starter-data-jpa/2.1.10.RELEASE/spring-boot-starter-data-jpa-2.1.10.RELEASE.jar:/Users/mn036956/.m2/repository/org/springframework/boot/spring-boot-starter-aop/2.1.10.RELEASE/spring-boot-starter-aop-2.1.10.RELEASE.jar:/Users/mn036956/.m2/repository/org/springframework/boot/spring-boot-starter-jdbc/2.1.10.RELEASE/spring-boot-starter-jdbc-2.1.10.RELEASE.jar:/Users/mn036956/.m2/repository/javax/transaction/javax.transaction-api/1.3/javax.transaction-api-1.3.jar:/Users/mn036956/.m2/repository/javax/xml/bind/jaxb-api/2.3.1/jaxb-api-2.3.1.jar:/Users/mn036956/.m2/repository/org/springframework/data/spring-data-jpa/2.1.12.RELEASE/spring-data-jpa-2.1.12.RELEASE.jar:/Users/mn036956/.m2/repository/org/springframework/data/spring-data-commons/2.1.12.RELEASE/spring-data-commons-2.1.12.RELEASE.jar:/Users/mn036956/.m2/repository/org/slf4j/slf4j-api/1.7.29/slf4j-api-1.7.29.jar:/Users/mn036956/.m2/repository/mysql/mysql-connector-java/8.0.18/mysql-connector-java-8.0.18.jar:/Users/mn036956/.m2/repository/org/hibernate/hibernate-core/5.3.13.Final/hibernate-core-5.3.13.Final.jar:/Users/mn036956/.m2/repository/org/jboss/logging/jboss-logging/3.3.3.Final/jboss-logging-3.3.3.Final.jar:/Users/mn036956/.m2/repository/javax/persistence/javax.persistence-api/2.2/javax.persistence-api-2.2.jar:/Users/mn036956/.m2/repository/org/javassist/javassist/3.21.0-GA/javassist-3.21.0-GA.jar:/Users/mn036956/.m2/repository/net/bytebuddy/byte-buddy/1.9.16/byte-buddy-1.9.16.jar:/Users/mn036956/.m2/repository/antlr/antlr/2.7.7/antlr-2.7.7.jar:/Users/mn036956/.m2/repository/org/jboss/spec/javax/transaction/jboss-transaction-api_1.2_spec/1.1.1.Final/jboss-transaction-api_1.2_spec-1.1.1.Final.jar:/Users/mn036956/.m2/repository/org/jboss/jandex/2.0.5.Final/jandex-2.0.5.Final.jar:/Users/mn036956/.m2/repository/com/fasterxml/classmate/1.4.0/classmate-1.4.0.jar:/Users/mn036956/.m2/repository/javax/activation/javax.activation-api/1.2.0/javax.activation-api-1.2.0.jar:/Users/mn036956/.m2/repository/org/dom4j/dom4j/2.1.1/dom4j-2.1.1.jar:/Users/mn036956/.m2/repository/org/hibernate/common/hibernate-commons-annotations/5.0.4.Final/hibernate-commons-annotations-5.0.4.Final.jar:/Users/mn036956/.m2/repository/org/glassfish/jaxb/jaxb-runtime/2.3.1/jaxb-runtime-2.3.1.jar:/Users/mn036956/.m2/repository/org/glassfish/jaxb/txw2/2.3.1/txw2-2.3.1.jar:/Users/mn036956/.m2/repository/com/sun/istack/istack-commons-runtime/3.0.7/istack-commons-runtime-3.0.7.jar:/Users/mn036956/.m2/repository/org/jvnet/staxex/stax-ex/1.8/stax-ex-1.8.jar:/Users/mn036956/.m2/repository/com/sun/xml/fastinfoset/FastInfoset/1.2.15/FastInfoset-1.2.15.jar:/Users/mn036956/.m2/repository/org/springframework/spring-orm/5.1.11.RELEASE/spring-orm-5.1.11.RELEASE.jar:/Users/mn036956/.m2/repository/org/springframework/spring-jdbc/5.1.11.RELEASE/spring-jdbc-5.1.11.RELEASE.jar:/Users/mn036956/.m2/repository/org/springframework/spring-tx/5.1.11.RELEASE/spring-tx-5.1.11.RELEASE.jar:/Users/mn036956/.m2/repository/org/hibernate/javax/persistence/hibernate-jpa-2.1-api/1.0.2.Final/hibernate-jpa-2.1-api-1.0.2.Final.jar:/Users/mn036956/.m2/repository/org/hibernate/hibernate-entitymanager/5.3.13.Final/hibernate-entitymanager-5.3.13.Final.jar:/Users/mn036956/.m2/repository/com/zaxxer/HikariCP/3.2.0/HikariCP-3.2.0.jar:/Users/mn036956/.m2/repository/org/springframework/boot/spring-boot/2.1.10.RELEASE/spring-boot-2.1.10.RELEASE.jar:/Users/mn036956/.m2/repository/org/springframework/boot/spring-boot-autoconfigure/2.1.10.RELEASE/spring-boot-autoconfigure-2.1.10.RELEASE.jar:/Users/mn036956/.m2/repository/com/google/code/gson/gson/2.8.5/gson-2.8.5.jar:/Users/mn036956/.m2/repository/javax/inject/javax.inject/1/javax.inject-1.jar:/Users/mn036956/.m2/repository/org/liquibase/liquibase-core/3.6.3/liquibase-core-3.6.3.jar:/Users/mn036956/.m2/repository/org/yaml/snakeyaml/1.23/snakeyaml-1.23.jar:/Users/mn036956/.m2/repository/org/liquibase/ext/liquibase-hibernate5/3.6/liquibase-hibernate5-3.6.jar:/Users/mn036956/.m2/repository/org/hibernate/hibernate-envers/5.3.13.Final/hibernate-envers-5.3.13.Final.jar:/Users/mn036956/.m2/repository/com/h2database/h2/1.4.200/h2-1.4.200.jar:/Users/mn036956/.m2/repository/com/cerner/careaware/ibus/ibus-core-connection-sonic/1.14.0/ibus-core-connection-sonic-1.14.0.jar:/Users/mn036956/.m2/repository/com/sonic/mfcontext/10.0.7.175/mfcontext-10.0.7.175.jar:/Users/mn036956/.m2/repository/com/sonic/mgmt_client/10.0.7.175/mgmt_client-10.0.7.175.jar:/Users/mn036956/.m2/repository/com/sonic/mgmt_config/10.0.7.175/mgmt_config-10.0.7.175.jar:/Users/mn036956/.m2/repository/com/sonic/sonic_channel/10.0.7.175/sonic_channel-10.0.7.175.jar:/Users/mn036956/.m2/repository/com/sonic/sonic_client/10.0.7.175/sonic_client-10.0.7.175.jar:/Users/mn036956/.m2/repository/com/sonic/sonic_crypto/10.0.7.175/sonic_crypto-10.0.7.175.jar:/Users/mn036956/.m2/repository/com/sonic/sonic_mgmt_client/10.0.7.175/sonic_mgmt_client-10.0.7.175.jar:/Users/mn036956/.m2/repository/com/sonic/sonic_selector/10.0.7.175/sonic_selector-10.0.7.175.jar:/Users/mn036956/.m2/repository/com/sonic/sonic_sf/10.0.7.175/sonic_sf-10.0.7.175.jar:/Users/mn036956/.m2/repository/com/sonic/sonic_ssl/10.0.7.175/sonic_ssl-10.0.7.175.jar:/Users/mn036956/.m2/repository/com/sonic/sonic_xa/10.0.7.175/sonic_xa-10.0.7.175.jar:/Users/mn036956/.m2/repository/com/sonic/sonic_xmessage/10.0.7.175/sonic_xmessage-10.0.7.175.jar:/Users/mn036956/.m2/repository/com/cerner/careaware/ibus/ibus-core-connection-rabbitmq/1.17.1/ibus-core-connection-rabbitmq-1.17.1.jar:/Users/mn036956/.m2/repository/com/rabbitmq/amqp-client/5.7.3/amqp-client-5.7.3.jar:/Users/mn036956/.m2/repository/com/cerner/careaware/ibus/ibus-core-data-kryo/1.5.0/ibus-core-data-kryo-1.5.0.jar:/Users/mn036956/.m2/repository/com/cerner/careaware/ibus/ibus-core-data-xstream/1.7.0/ibus-core-data-xstream-1.7.0.jar:/Users/mn036956/.m2/repository/com/cerner/careaware/ibus/ibus-core-container/1.30.0/ibus-core-container-1.30.0.jar:/Users/mn036956/.m2/repository/com/cerner/careaware/services/careaware-datamodel-monitoring/2.4.0/careaware-datamodel-monitoring-2.4.0.jar:/Users/mn036956/.m2/repository/com/cerner/careaware/services/careaware-utils/1.4.0/careaware-utils-1.4.0.jar:/Users/mn036956/.m2/repository/cglib/cglib-nodep/3.3.0/cglib-nodep-3.3.0.jar:/Users/mn036956/.m2/repository/com/cerner/system/instrument/system-instrument/2.6/system-instrument-2.6.jar:/Users/mn036956/.m2/repository/com/cerner/system/registry/system-registry-genesis/2.0.1/system-registry-genesis-2.0.1.jar:/Users/mn036956/.m2/repository/com/cerner/system/system-conf/2.0/system-conf-2.0.jar:/Users/mn036956/.m2/repository/org/powermock/powermock-module-junit4/1.6.5/powermock-module-junit4-1.6.5.jar:/Users/mn036956/.m2/repository/junit/junit/4.12/junit-4.12.jar:/Users/mn036956/.m2/repository/org/hamcrest/hamcrest-core/1.3/hamcrest-core-1.3.jar:/Users/mn036956/.m2/repository/org/powermock/powermock-module-junit4-common/1.6.5/powermock-module-junit4-common-1.6.5.jar:/Users/mn036956/.m2/repository/org/powermock/powermock-core/1.6.5/powermock-core-1.6.5.jar:/Users/mn036956/.m2/repository/org/powermock/powermock-reflect/1.6.5/powermock-reflect-1.6.5.jar:/Users/mn036956/.m2/repository/org/objenesis/objenesis/2.2/objenesis-2.2.jar:/Users/mn036956/.m2/repository/com/cerner/careaware/ibus/ibus-tenant-registry-loader/2.10.0/ibus-tenant-registry-loader-2.10.0.jar:/Users/mn036956/.m2/repository/com/cerner/careaware/ibus/ibus-core-data-spring/1.3.0/ibus-core-data-spring-1.3.0.jar:/Users/mn036956/.m2/repository/ch/qos/logback/logback-classic/1.2.3/logback-classic-1.2.3.jar:/Users/mn036956/.m2/repository/ch/qos/logback/logback-core/1.2.3/logback-core-1.2.3.jar:/Users/mn036956/.m2/repository/com/cerner/ibus/client/ibus-cfc-eligibility-client/1.1.0-SNAPSHOT/ibus-cfc-eligibility-client-1.1.0-SNAPSHOT.jar:/Users/mn036956/.m2/repository/org/codehaus/jackson/jackson-mapper-asl/1.9.13/jackson-mapper-asl-1.9.13.jar:/Users/mn036956/.m2/repository/org/codehaus/jackson/jackson-core-asl/1.9.13/jackson-core-asl-1.9.13.jar:/Users/mn036956/.m2/repository/org/springframework/spring-aspects/5.1.11.RELEASE/spring-aspects-5.1.11.RELEASE.jar:/Users/mn036956/.m2/repository/org/aspectj/aspectjweaver/1.9.4/aspectjweaver-1.9.4.jar:/Users/mn036956/.m2/repository/com/mikesamuel/json-sanitizer/1.2.0/json-sanitizer-1.2.0.jar:/Users/mn036956/.m2/repository/com/googlecode/json-simple/json-simple/1.1.1/json-simple-1.1.1.jar:/Users/mn036956/.m2/repository/com/fasterxml/jackson/dataformat/jackson-dataformat-csv/2.10.1/jackson-dataformat-csv-2.10.1.jar:/Users/mn036956/.m2/repository/com/fasterxml/jackson/core/jackson-databind/2.10.1/jackson-databind-2.10.1.jar:/Users/mn036956/.m2/repository/com/fasterxml/jackson/core/jackson-annotations/2.10.1/jackson-annotations-2.10.1.jar:/Users/mn036956/.m2/repository/com/fasterxml/jackson/core/jackson-core/2.10.1/jackson-core-2.10.1.jar:/Users/mn036956/.m2/repository/com/cerner/ibus/service/ibus-cfc-eligibilityrules-service/1.3.0-SNAPSHOT/ibus-cfc-eligibilityrules-service-1.3.0-SNAPSHOT.jar:/Users/mn036956/.m2/repository/com/cerner/careaware/services/careaware-core-dataaccess-jdbc-mysql/4.6.0/careaware-core-dataaccess-jdbc-mysql-4.6.0.jar:/Users/mn036956/.m2/repository/org/mapstruct/mapstruct/1.3.0.Final/mapstruct-1.3.0.Final.jar:/Users/mn036956/.m2/repository/com/shazam/shazamcrest/0.11/shazamcrest-0.11.jar:/Users/mn036956/.m2/repository/org/skyscreamer/jsonassert/1.5.0/jsonassert-1.5.0.jar:/Users/mn036956/.m2/repository/com/vaadin/external/google/android-json/0.0.20131108.vaadin1/android-json-0.0.20131108.vaadin1.jar:/Users/mn036956/.m2/repository/org/apache/commons/commons-lang3/3.8.1/commons-lang3-3.8.1.jar:/Users/mn036956/.m2/repository/net/java/dev/vcc/thirdparty/collection-setter-injector/0.5.0-1/collection-setter-injector-0.5.0-1.jar:/Users/mn036956/.m2/repository/org/jvnet/jaxb2_commons/jaxb2-basics-runtime/0.11.1/jaxb2-basics-runtime-0.11.1.jar:/Users/mn036956/.m2/repository/org/apache/httpcomponents/httpclient/4.5.9/httpclient-4.5.9.jar:/Users/mn036956/.m2/repository/org/apache/httpcomponents/httpcore/4.4.12/httpcore-4.4.12.jar:/Users/mn036956/.m2/repository/commons-logging/commons-logging/1.2/commons-logging-1.2.jar:/Users/mn036956/.m2/repository/com/cerner/careaware/springboot-microservice-careawarepubsub/0.0.1-SNAPSHOT/springboot-microservice-careawarepubsub-0.0.1-SNAPSHOT.jar:/Users/mn036956/.m2/repository/com/cerner/icommand/core/icommand-core/2.14.0/icommand-core-2.14.0.jar:/Users/mn036956/.m2/repository/com/cerner/careaware/services/careaware-core/1.6.0/careaware-core-1.6.0.jar:/Users/mn036956/.m2/repository/com/cerner/careaware/services/careaware-core-bindings/2.2.0/careaware-core-bindings-2.2.0.jar:/Users/mn036956/.m2/repository/com/cerner/system/system-i18n/2.4.1/system-i18n-2.4.1.jar:/Users/mn036956/.m2/repository/com/cerner/system/instrument/system-instrument-logging-basic/2.1/system-instrument-logging-basic-2.1.jar:"/>
    <property name="sun.cpu.endian" value="little"/>
    <property name="user.home" value="/Users/mn036956"/>
    <property name="user.language" value="en"/>
    <property name="git.closest.tag.commit.count" value=""/>
    <property name="java.specification.vendor" value="Oracle Corporation"/>
    <property name="java.home" value="/Library/Java/JavaVirtualMachines/jdk1.8.0_231.jdk/Contents/Home/jre"/>
    <property name="git.total.commit.count" value="175"/>
    <property name="file.separator" value="/"/>
    <property name="basedir" value="/Users/mn036956/Documents/GitHub/core-financial-clearance-solution"/>
    <property name="line.separator" value="&#10;"/>
    <property name="java.vm.specification.vendor" value="Oracle Corporation"/>
    <property name="java.specification.name" value="Java Platform API Specification"/>
    <property name="java.awt.graphicsenv" value="sun.awt.CGraphicsEnvironment"/>
    <property name="git.commit.id.full" value="71c7d7d9fd041663abf9fa71eb5e055dbe3f17c8"/>
    <property name="java.awt.headless" value="true"/>
    <property name="git.closest.tag.name" value=""/>
    <property name="git.local.branch.ahead" value="0"/>
    <property name="git.build.time" value="20200309T191223Z"/>
    <property name="snapshot" value="true"/>
    <property name="git.commit.message.full" value="CFCTRACE-2 (#117)&#10;&#10;* Modifying versions to match CFCTRACE-2&#10;&#10;* Modifying versions to match CFCTRACE-2&#10;&#10;* Modifying versions to match master&#10;&#10;* Release notes"/>
    <property name="sun.boot.class.path" value="/Library/Java/JavaVirtualMachines/jdk1.8.0_231.jdk/Contents/Home/jre/lib/resources.jar:/Library/Java/JavaVirtualMachines/jdk1.8.0_231.jdk/Contents/Home/jre/lib/rt.jar:/Library/Java/JavaVirtualMachines/jdk1.8.0_231.jdk/Contents/Home/jre/lib/sunrsasign.jar:/Library/Java/JavaVirtualMachines/jdk1.8.0_231.jdk/Contents/Home/jre/lib/jsse.jar:/Library/Java/JavaVirtualMachines/jdk1.8.0_231.jdk/Contents/Home/jre/lib/jce.jar:/Library/Java/JavaVirtualMachines/jdk1.8.0_231.jdk/Contents/Home/jre/lib/charsets.jar:/Library/Java/JavaVirtualMachines/jdk1.8.0_231.jdk/Contents/Home/jre/lib/jfr.jar:/Library/Java/JavaVirtualMachines/jdk1.8.0_231.jdk/Contents/Home/jre/classes"/>
    <property name="sun.management.compiler" value="HotSpot 64-Bit Tiered Compilers"/>
    <property name="ftp.nonProxyHosts" value="local|*.local|169.254/16|*.169.254/16"/>
    <property name="java.runtime.version" value="1.8.0_231-b11"/>
    <property name="user.name" value="mn036956"/>
    <property name="path.separator" value=":"/>
    <property name="os.version" value="10.13.5"/>
    <property name="java.endorsed.dirs" value="/Library/Java/JavaVirtualMachines/jdk1.8.0_231.jdk/Contents/Home/jre/lib/endorsed"/>
    <property name="java.runtime.name" value="Java(TM) SE Runtime Environment"/>
    <property name="file.encoding" value="UTF-8"/>
    <property name="git.commit.user.email" value="Thomas.Liptack@cerner.com"/>
    <property name="java.vm.name" value="Java HotSpot(TM) 64-Bit Server VM"/>
    <property name="git.local.branch.behind" value="5"/>
    <property name="git.dirty" value="true"/>
    <property name="localRepository" value="/Users/mn036956/.m2/repository"/>
    <property name="java.vendor.url.bug" value="http://bugreport.sun.com/bugreport/"/>
    <property name="java.io.tmpdir" value="/var/folders/t1/5bwv276s65s2kwjsqcf9hcq184nglc/T/"/>
    <property name="java.version" value="1.8.0_231"/>
    <property name="user.dir" value="/Users/mn036956/Documents/GitHub/core-financial-clearance-solution"/>
    <property name="os.arch" value="x86_64"/>
    <property name="git.commit.user.name" value="Liptack, Thomas"/>
    <property name="git.commit.id.abbrev" value="71c7d7d"/>
    <property name="java.vm.specification.name" value="Java Virtual Machine Specification"/>
    <property name="java.awt.printerjob" value="sun.lwawt.macosx.CPrinterJob"/>
    <property name="git.commit.id.describe-short" value="71c7d7d-dirty"/>
    <property name="sun.os.patch.level" value="unknown"/>
    <property name="git.commit.id.describe" value="71c7d7d-dirty"/>
    <property name="git.commit.message.short" value="CFCTRACE-2 (#117)"/>
    <property name="java.library.path" value="/Users/mn036956/Library/Java/Extensions:/Library/Java/Extensions:/Network/Library/Java/Extensions:/System/Library/Java/Extensions:/usr/lib/java:."/>
    <property name="java.vendor" value="Oracle Corporation"/>
    <property name="java.vm.info" value="mixed mode"/>
    <property name="java.vm.version" value="25.231-b11"/>
    <property name="sun.io.unicode.encoding" value="UnicodeBig"/>
    <property name="java.ext.dirs" value="/Users/mn036956/Library/Java/Extensions:/Library/Java/JavaVirtualMachines/jdk1.8.0_231.jdk/Contents/Home/jre/lib/ext:/Library/Java/Extensions:/Network/Library/Java/Extensions:/System/Library/Java/Extensions:/usr/lib/java"/>
    <property name="java.class.version" value="52.0"/>
    <property name="socksNonProxyHosts" value="local|*.local|169.254/16|*.169.254/16"/>
    <property name="git.commit.time" value="20200212T195215Z"/>
    <property name="git.remote.origin.url" value="https://github.cerner.com/CoreFinancialClearance/core-financial-clearance-solution"/>
  </properties>
  <testcase name="testApp" classname="com.cerner.careaware.cfc.core_financial_clearance_solution.AppTest" time="0.004"/>
</testsuite>